<?xml version="1.0" encoding="UTF-8"?>
<testng-results ignored="0" total="1" passed="1" failed="0" skipped="0">
  <reporter-output>
  </reporter-output>
  <suite started-at="2018-10-19T11:12:49Z" name="GoogleMailTest" finished-at="2018-10-19T11:13:18Z" duration-ms="28912">
    <groups>
    </groups>
    <test started-at="2018-10-19T11:12:49Z" name="GoogleMailTestChrome" finished-at="2018-10-19T11:13:18Z" duration-ms="28912">
      <class name="GoogleMailTest">
        <test-method is-config="true" signature="setUp(java.lang.String)[pri:0, instance:GoogleMailTest@4dd94a58]" started-at="2018-10-19T15:12:49Z" name="setUp" finished-at="2018-10-19T15:12:52Z" duration-ms="2822" status="PASS">
          <params>
            <param index="0">
              <value>
                <![CDATA[chrome]]>
              </value>
            </param>
          </params>
          <reporter-output>
          </reporter-output>
        </test-method> <!-- setUp -->
        <test-method is-config="true" signature="setUpMethods()[pri:0, instance:GoogleMailTest@4dd94a58]" started-at="2018-10-19T15:12:52Z" name="setUpMethods" finished-at="2018-10-19T15:12:52Z" duration-ms="449" status="PASS">
          <reporter-output>
          </reporter-output>
        </test-method> <!-- setUpMethods -->
        <test-method signature="sendEmail()[pri:0, instance:GoogleMailTest@4dd94a58]" started-at="2018-10-19T15:12:52Z" name="sendEmail" description="Open Google mail and send an email with the information found." finished-at="2018-10-19T15:13:16Z" duration-ms="23519" status="PASS">
          <reporter-output>
          </reporter-output>
        </test-method> <!-- sendEmail -->
        <test-method is-config="true" signature="tearDown()[pri:0, instance:GoogleMailTest@4dd94a58]" started-at="2018-10-19T15:13:16Z" name="tearDown" finished-at="2018-10-19T15:13:18Z" duration-ms="2018" status="PASS">
          <reporter-output>
          </reporter-output>
        </test-method> <!-- tearDown -->
      </class> <!-- GoogleMailTest -->
    </test> <!-- GoogleMailTestChrome -->
  </suite> <!-- GoogleMailTest -->
</testng-results>
